2018-05-10 19:39:32 - PHP Notice:  Undefined variable: lookbook in /home/wwwroot/beutii.net/catalog/view/theme/list.php on line 13
2018-05-10 19:39:32 - PHP Notice:  Undefined variable: layoutid in /home/wwwroot/beutii.net/catalog/view/theme/yourstore/template/extension/module/carousel.tpl on line 5
2018-05-10 19:39:32 - PHP Notice:  Undefined variable: layoutid in /home/wwwroot/beutii.net/catalog/view/theme/yourstore/template/extension/module/carousel.tpl on line 6
2018-05-10 19:39:32 - PHP Notice:  Undefined variable: footer_class in /home/wwwroot/beutii.net/catalog/view/theme/yourstore/template/common/footer.tpl on line 18
2018-05-10 19:39:32 - PHP Notice:  Undefined variable: menu_back in /home/wwwroot/beutii.net/catalog/view/theme/yourstore/template/common/footer.tpl on line 462
2018-05-10 19:39:32 - PHP Notice:  Undefined variable: lang in /home/wwwroot/beutii.net/catalog/view/theme/yourstore/template/common/cart.tpl on line 102
2018-05-10 19:39:32 - PHP Notice:  Undefined variable: store_id in /home/wwwroot/beutii.net/catalog/view/theme/yourstore/template/common/cart.tpl on line 102
2018-05-10 19:39:32 - PHP Notice:  Undefined variable: pages_link_url in /home/wwwroot/beutii.net/catalog/view/theme/yourstore/template/common/header.tpl on line 293
2018-05-10 19:39:32 - PHP Notice:  Undefined variable: pages_link_url in /home/wwwroot/beutii.net/catalog/view/theme/yourstore/template/common/header.tpl on line 293
2018-05-10 19:39:32 - PHP Notice:  Undefined variable: customisation_general in /home/wwwroot/beutii.net/catalog/view/theme/yourstore/template/common/header.tpl on line 1621
2018-05-10 19:39:32 - PHP Notice:  Undefined variable: customisation_general in /home/wwwroot/beutii.net/catalog/view/theme/yourstore/template/common/header.tpl on line 1621
2018-05-10 19:41:38 - PHP Notice:  Undefined variable: lookbook in /home/wwwroot/beutii.net/catalog/view/theme/list.php on line 13
2018-05-10 19:41:38 - PHP Notice:  Undefined variable: layoutid in /home/wwwroot/beutii.net/catalog/view/theme/yourstore/template/extension/module/carousel.tpl on line 5
2018-05-10 19:41:38 - PHP Notice:  Undefined variable: layoutid in /home/wwwroot/beutii.net/catalog/view/theme/yourstore/template/extension/module/carousel.tpl on line 6
2018-05-10 19:41:38 - PHP Notice:  Undefined variable: footer_class in /home/wwwroot/beutii.net/catalog/view/theme/yourstore/template/common/footer.tpl on line 18
2018-05-10 19:41:38 - PHP Notice:  Undefined variable: menu_back in /home/wwwroot/beutii.net/catalog/view/theme/yourstore/template/common/footer.tpl on line 462
2018-05-10 19:41:38 - PHP Notice:  Undefined variable: lang in /home/wwwroot/beutii.net/catalog/view/theme/yourstore/template/common/cart.tpl on line 102
2018-05-10 19:41:38 - PHP Notice:  Undefined variable: store_id in /home/wwwroot/beutii.net/catalog/view/theme/yourstore/template/common/cart.tpl on line 102
2018-05-10 19:41:38 - PHP Notice:  Undefined variable: pages_link_url in /home/wwwroot/beutii.net/catalog/view/theme/yourstore/template/common/header.tpl on line 293
2018-05-10 19:41:38 - PHP Notice:  Undefined variable: pages_link_url in /home/wwwroot/beutii.net/catalog/view/theme/yourstore/template/common/header.tpl on line 293
2018-05-10 19:41:38 - PHP Notice:  Undefined variable: customisation_general in /home/wwwroot/beutii.net/catalog/view/theme/yourstore/template/common/header.tpl on line 1621
2018-05-10 19:41:38 - PHP Notice:  Undefined variable: customisation_general in /home/wwwroot/beutii.net/catalog/view/theme/yourstore/template/common/header.tpl on line 1621
2018-05-10 19:44:02 - PHP Notice:  Undefined variable: lookbook in /home/wwwroot/beutii.net/catalog/view/theme/list.php on line 13
2018-05-10 19:44:02 - PHP Notice:  Undefined variable: layoutid in /home/wwwroot/beutii.net/catalog/view/theme/yourstore/template/extension/module/carousel.tpl on line 5
2018-05-10 19:44:02 - PHP Notice:  Undefined variable: layoutid in /home/wwwroot/beutii.net/catalog/view/theme/yourstore/template/extension/module/carousel.tpl on line 6
2018-05-10 19:44:02 - PHP Notice:  Undefined variable: footer_class in /home/wwwroot/beutii.net/catalog/view/theme/yourstore/template/common/footer.tpl on line 18
2018-05-10 19:44:02 - PHP Notice:  Undefined variable: menu_back in /home/wwwroot/beutii.net/catalog/view/theme/yourstore/template/common/footer.tpl on line 462
2018-05-10 19:44:02 - PHP Notice:  Undefined variable: lang in /home/wwwroot/beutii.net/catalog/view/theme/yourstore/template/common/cart.tpl on line 102
2018-05-10 19:44:02 - PHP Notice:  Undefined variable: store_id in /home/wwwroot/beutii.net/catalog/view/theme/yourstore/template/common/cart.tpl on line 102
2018-05-10 19:44:02 - PHP Notice:  Undefined variable: pages_link_url in /home/wwwroot/beutii.net/catalog/view/theme/yourstore/template/common/header.tpl on line 293
2018-05-10 19:44:02 - PHP Notice:  Undefined variable: pages_link_url in /home/wwwroot/beutii.net/catalog/view/theme/yourstore/template/common/header.tpl on line 293
2018-05-10 19:44:02 - PHP Notice:  Undefined variable: customisation_general in /home/wwwroot/beutii.net/catalog/view/theme/yourstore/template/common/header.tpl on line 1621
2018-05-10 19:44:02 - PHP Notice:  Undefined variable: customisation_general in /home/wwwroot/beutii.net/catalog/view/theme/yourstore/template/common/header.tpl on line 1621
2018-05-10 20:57:30 - PHP Notice:  Undefined variable: layoutid in /home/wwwroot/beutii.net/catalog/view/theme/yourstore/template/extension/module/carousel.tpl on line 5
2018-05-10 20:57:30 - PHP Notice:  Undefined variable: layoutid in /home/wwwroot/beutii.net/catalog/view/theme/yourstore/template/extension/module/carousel.tpl on line 6
2018-05-10 20:57:30 - PHP Notice:  Undefined variable: footer_class in /home/wwwroot/beutii.net/catalog/view/theme/yourstore/template/common/footer.tpl on line 18
2018-05-10 20:57:30 - PHP Notice:  Undefined variable: menu_back in /home/wwwroot/beutii.net/catalog/view/theme/yourstore/template/common/footer.tpl on line 462
2018-05-10 20:57:30 - PHP Notice:  Undefined variable: lang in /home/wwwroot/beutii.net/catalog/view/theme/yourstore/template/common/cart.tpl on line 102
2018-05-10 20:57:30 - PHP Notice:  Undefined variable: store_id in /home/wwwroot/beutii.net/catalog/view/theme/yourstore/template/common/cart.tpl on line 102
2018-05-10 20:57:30 - PHP Notice:  Undefined variable: pages_link_url in /home/wwwroot/beutii.net/catalog/view/theme/yourstore/template/common/header.tpl on line 293
2018-05-10 20:57:30 - PHP Notice:  Undefined variable: pages_link_url in /home/wwwroot/beutii.net/catalog/view/theme/yourstore/template/common/header.tpl on line 293
2018-05-10 20:57:30 - PHP Notice:  Undefined variable: customisation_general in /home/wwwroot/beutii.net/catalog/view/theme/yourstore/template/common/header.tpl on line 1621
2018-05-10 20:57:30 - PHP Notice:  Undefined variable: customisation_general in /home/wwwroot/beutii.net/catalog/view/theme/yourstore/template/common/header.tpl on line 1621
2018-05-10 21:04:37 - PHP Notice:  Undefined variable: footer_class in /home/wwwroot/beutii.net/catalog/view/theme/yourstore/template/common/footer.tpl on line 18
2018-05-10 21:04:37 - PHP Notice:  Undefined variable: menu_back in /home/wwwroot/beutii.net/catalog/view/theme/yourstore/template/common/footer.tpl on line 462
2018-05-10 21:04:37 - PHP Notice:  Undefined variable: lang in /home/wwwroot/beutii.net/catalog/view/theme/yourstore/template/common/cart.tpl on line 102
2018-05-10 21:04:37 - PHP Notice:  Undefined variable: store_id in /home/wwwroot/beutii.net/catalog/view/theme/yourstore/template/common/cart.tpl on line 102
2018-05-10 21:04:37 - PHP Notice:  Undefined variable: pages_link_url in /home/wwwroot/beutii.net/catalog/view/theme/yourstore/template/common/header.tpl on line 293
2018-05-10 21:04:37 - PHP Notice:  Undefined variable: pages_link_url in /home/wwwroot/beutii.net/catalog/view/theme/yourstore/template/common/header.tpl on line 293
2018-05-10 21:04:37 - PHP Notice:  Undefined variable: customisation_general in /home/wwwroot/beutii.net/catalog/view/theme/yourstore/template/common/header.tpl on line 1621
2018-05-10 21:04:37 - PHP Notice:  Undefined variable: customisation_general in /home/wwwroot/beutii.net/catalog/view/theme/yourstore/template/common/header.tpl on line 1621
2018-05-10 21:04:53 - PHP Notice:  Undefined variable: layoutid in /home/wwwroot/beutii.net/catalog/view/theme/yourstore/template/extension/module/carousel.tpl on line 5
2018-05-10 21:04:53 - PHP Notice:  Undefined variable: layoutid in /home/wwwroot/beutii.net/catalog/view/theme/yourstore/template/extension/module/carousel.tpl on line 6
2018-05-10 21:04:53 - PHP Notice:  Undefined variable: footer_class in /home/wwwroot/beutii.net/catalog/view/theme/yourstore/template/common/footer.tpl on line 18
2018-05-10 21:04:53 - PHP Notice:  Undefined variable: menu_back in /home/wwwroot/beutii.net/catalog/view/theme/yourstore/template/common/footer.tpl on line 462
2018-05-10 21:04:53 - PHP Notice:  Undefined variable: lang in /home/wwwroot/beutii.net/catalog/view/theme/yourstore/template/common/cart.tpl on line 102
2018-05-10 21:04:53 - PHP Notice:  Undefined variable: store_id in /home/wwwroot/beutii.net/catalog/view/theme/yourstore/template/common/cart.tpl on line 102
2018-05-10 21:04:53 - PHP Notice:  Undefined variable: pages_link_url in /home/wwwroot/beutii.net/catalog/view/theme/yourstore/template/common/header.tpl on line 293
2018-05-10 21:04:53 - PHP Notice:  Undefined variable: pages_link_url in /home/wwwroot/beutii.net/catalog/view/theme/yourstore/template/common/header.tpl on line 293
2018-05-10 21:04:53 - PHP Notice:  Undefined variable: customisation_general in /home/wwwroot/beutii.net/catalog/view/theme/yourstore/template/common/header.tpl on line 1621
2018-05-10 21:04:53 - PHP Notice:  Undefined variable: customisation_general in /home/wwwroot/beutii.net/catalog/view/theme/yourstore/template/common/header.tpl on line 1621
2018-05-10 21:06:41 - PHP Notice:  Undefined variable: layoutid in /home/wwwroot/beutii.net/catalog/view/theme/yourstore/template/extension/module/carousel.tpl on line 5
2018-05-10 21:06:41 - PHP Notice:  Undefined variable: layoutid in /home/wwwroot/beutii.net/catalog/view/theme/yourstore/template/extension/module/carousel.tpl on line 6
2018-05-10 21:06:41 - PHP Notice:  Undefined variable: footer_class in /home/wwwroot/beutii.net/catalog/view/theme/yourstore/template/common/footer.tpl on line 18
2018-05-10 21:06:41 - PHP Notice:  Undefined variable: menu_back in /home/wwwroot/beutii.net/catalog/view/theme/yourstore/template/common/footer.tpl on line 462
2018-05-10 21:06:41 - PHP Notice:  Undefined variable: lang in /home/wwwroot/beutii.net/catalog/view/theme/yourstore/template/common/cart.tpl on line 102
2018-05-10 21:06:41 - PHP Notice:  Undefined variable: store_id in /home/wwwroot/beutii.net/catalog/view/theme/yourstore/template/common/cart.tpl on line 102
2018-05-10 21:06:41 - PHP Notice:  Undefined variable: pages_link_url in /home/wwwroot/beutii.net/catalog/view/theme/yourstore/template/common/header.tpl on line 293
2018-05-10 21:06:41 - PHP Notice:  Undefined variable: pages_link_url in /home/wwwroot/beutii.net/catalog/view/theme/yourstore/template/common/header.tpl on line 293
2018-05-10 21:06:41 - PHP Notice:  Undefined variable: customisation_general in /home/wwwroot/beutii.net/catalog/view/theme/yourstore/template/common/header.tpl on line 1621
2018-05-10 21:06:41 - PHP Notice:  Undefined variable: customisation_general in /home/wwwroot/beutii.net/catalog/view/theme/yourstore/template/common/header.tpl on line 1621
2018-05-10 21:31:00 - PHP Notice:  Undefined variable: layoutid in /home/wwwroot/beutii.net/catalog/view/theme/yourstore/template/extension/module/carousel.tpl on line 5
2018-05-10 21:31:00 - PHP Notice:  Undefined variable: layoutid in /home/wwwroot/beutii.net/catalog/view/theme/yourstore/template/extension/module/carousel.tpl on line 6
2018-05-10 21:31:00 - PHP Notice:  Undefined variable: footer_class in /home/wwwroot/beutii.net/catalog/view/theme/yourstore/template/common/footer.tpl on line 18
2018-05-10 21:31:00 - PHP Notice:  Undefined variable: menu_back in /home/wwwroot/beutii.net/catalog/view/theme/yourstore/template/common/footer.tpl on line 462
2018-05-10 21:31:00 - PHP Notice:  Undefined variable: lang in /home/wwwroot/beutii.net/catalog/view/theme/yourstore/template/common/cart.tpl on line 102
2018-05-10 21:31:00 - PHP Notice:  Undefined variable: store_id in /home/wwwroot/beutii.net/catalog/view/theme/yourstore/template/common/cart.tpl on line 102
2018-05-10 21:31:00 - PHP Notice:  Undefined variable: pages_link_url in /home/wwwroot/beutii.net/catalog/view/theme/yourstore/template/common/header.tpl on line 293
2018-05-10 21:31:00 - PHP Notice:  Undefined variable: pages_link_url in /home/wwwroot/beutii.net/catalog/view/theme/yourstore/template/common/header.tpl on line 293
2018-05-10 21:31:00 - PHP Notice:  Undefined variable: customisation_general in /home/wwwroot/beutii.net/catalog/view/theme/yourstore/template/common/header.tpl on line 1621
2018-05-10 21:31:00 - PHP Notice:  Undefined variable: customisation_general in /home/wwwroot/beutii.net/catalog/view/theme/yourstore/template/common/header.tpl on line 1621
2018-05-10 21:31:21 - PHP Notice:  Undefined variable: layoutid in /home/wwwroot/beutii.net/catalog/view/theme/yourstore/template/extension/module/carousel.tpl on line 5
2018-05-10 21:31:21 - PHP Notice:  Undefined variable: layoutid in /home/wwwroot/beutii.net/catalog/view/theme/yourstore/template/extension/module/carousel.tpl on line 6
2018-05-10 21:31:21 - PHP Notice:  Undefined variable: footer_class in /home/wwwroot/beutii.net/catalog/view/theme/yourstore/template/common/footer.tpl on line 18
2018-05-10 21:31:21 - PHP Notice:  Undefined variable: menu_back in /home/wwwroot/beutii.net/catalog/view/theme/yourstore/template/common/footer.tpl on line 462
2018-05-10 21:31:21 - PHP Notice:  Undefined variable: lang in /home/wwwroot/beutii.net/catalog/view/theme/yourstore/template/common/cart.tpl on line 102
2018-05-10 21:31:21 - PHP Notice:  Undefined variable: store_id in /home/wwwroot/beutii.net/catalog/view/theme/yourstore/template/common/cart.tpl on line 102
2018-05-10 21:31:21 - PHP Notice:  Undefined variable: pages_link_url in /home/wwwroot/beutii.net/catalog/view/theme/yourstore/template/common/header.tpl on line 293
2018-05-10 21:31:21 - PHP Notice:  Undefined variable: pages_link_url in /home/wwwroot/beutii.net/catalog/view/theme/yourstore/template/common/header.tpl on line 293
2018-05-10 21:31:21 - PHP Notice:  Undefined variable: customisation_general in /home/wwwroot/beutii.net/catalog/view/theme/yourstore/template/common/header.tpl on line 1621
2018-05-10 21:31:21 - PHP Notice:  Undefined variable: customisation_general in /home/wwwroot/beutii.net/catalog/view/theme/yourstore/template/common/header.tpl on line 1621
2018-05-10 21:45:34 - PHP Notice:  Undefined variable: layoutid in /home/wwwroot/beutii.net/catalog/view/theme/yourstore/template/extension/module/carousel.tpl on line 5
2018-05-10 21:45:34 - PHP Notice:  Undefined variable: layoutid in /home/wwwroot/beutii.net/catalog/view/theme/yourstore/template/extension/module/carousel.tpl on line 6
2018-05-10 21:45:34 - PHP Notice:  Undefined variable: footer_class in /home/wwwroot/beutii.net/catalog/view/theme/yourstore/template/common/footer.tpl on line 18
2018-05-10 21:45:34 - PHP Notice:  Undefined variable: menu_back in /home/wwwroot/beutii.net/catalog/view/theme/yourstore/template/common/footer.tpl on line 462
2018-05-10 21:45:34 - PHP Notice:  Undefined variable: lang in /home/wwwroot/beutii.net/catalog/view/theme/yourstore/template/common/cart.tpl on line 102
2018-05-10 21:45:34 - PHP Notice:  Undefined variable: store_id in /home/wwwroot/beutii.net/catalog/view/theme/yourstore/template/common/cart.tpl on line 102
2018-05-10 21:45:34 - PHP Notice:  Undefined variable: pages_link_url in /home/wwwroot/beutii.net/catalog/view/theme/yourstore/template/common/header.tpl on line 293
2018-05-10 21:45:34 - PHP Notice:  Undefined variable: pages_link_url in /home/wwwroot/beutii.net/catalog/view/theme/yourstore/template/common/header.tpl on line 293
2018-05-10 21:45:34 - PHP Notice:  Undefined variable: customisation_general in /home/wwwroot/beutii.net/catalog/view/theme/yourstore/template/common/header.tpl on line 1621
2018-05-10 21:45:34 - PHP Notice:  Undefined variable: customisation_general in /home/wwwroot/beutii.net/catalog/view/theme/yourstore/template/common/header.tpl on line 1621
2018-05-10 21:45:34 - PHP Notice:  Undefined variable: layoutid in /home/wwwroot/beutii.net/catalog/view/theme/yourstore/template/extension/module/carousel.tpl on line 5
2018-05-10 21:45:34 - PHP Notice:  Undefined variable: layoutid in /home/wwwroot/beutii.net/catalog/view/theme/yourstore/template/extension/module/carousel.tpl on line 6
2018-05-10 21:45:34 - PHP Notice:  Undefined variable: footer_class in /home/wwwroot/beutii.net/catalog/view/theme/yourstore/template/common/footer.tpl on line 18
2018-05-10 21:45:34 - PHP Notice:  Undefined variable: menu_back in /home/wwwroot/beutii.net/catalog/view/theme/yourstore/template/common/footer.tpl on line 462
2018-05-10 21:45:34 - PHP Notice:  Undefined variable: lang in /home/wwwroot/beutii.net/catalog/view/theme/yourstore/template/common/cart.tpl on line 102
2018-05-10 21:45:34 - PHP Notice:  Undefined variable: store_id in /home/wwwroot/beutii.net/catalog/view/theme/yourstore/template/common/cart.tpl on line 102
2018-05-10 21:45:34 - PHP Notice:  Undefined variable: pages_link_url in /home/wwwroot/beutii.net/catalog/view/theme/yourstore/template/common/header.tpl on line 293
2018-05-10 21:45:34 - PHP Notice:  Undefined variable: pages_link_url in /home/wwwroot/beutii.net/catalog/view/theme/yourstore/template/common/header.tpl on line 293
2018-05-10 21:45:34 - PHP Notice:  Undefined variable: customisation_general in /home/wwwroot/beutii.net/catalog/view/theme/yourstore/template/common/header.tpl on line 1621
2018-05-10 21:45:34 - PHP Notice:  Undefined variable: customisation_general in /home/wwwroot/beutii.net/catalog/view/theme/yourstore/template/common/header.tpl on line 1621
2018-05-10 21:58:55 - PHP Notice:  Undefined variable: footer_class in /home/wwwroot/beutii.net/catalog/view/theme/yourstore/template/common/footer.tpl on line 18
2018-05-10 21:58:55 - PHP Notice:  Undefined variable: menu_back in /home/wwwroot/beutii.net/catalog/view/theme/yourstore/template/common/footer.tpl on line 462
2018-05-10 21:58:55 - PHP Notice:  Undefined variable: lang in /home/wwwroot/beutii.net/catalog/view/theme/yourstore/template/common/cart.tpl on line 102
2018-05-10 21:58:55 - PHP Notice:  Undefined variable: store_id in /home/wwwroot/beutii.net/catalog/view/theme/yourstore/template/common/cart.tpl on line 102
2018-05-10 21:58:55 - PHP Notice:  Undefined variable: pages_link_url in /home/wwwroot/beutii.net/catalog/view/theme/yourstore/template/common/header.tpl on line 293
2018-05-10 21:58:55 - PHP Notice:  Undefined variable: pages_link_url in /home/wwwroot/beutii.net/catalog/view/theme/yourstore/template/common/header.tpl on line 293
2018-05-10 21:58:55 - PHP Notice:  Undefined variable: customisation_general in /home/wwwroot/beutii.net/catalog/view/theme/yourstore/template/common/header.tpl on line 1621
2018-05-10 21:58:55 - PHP Notice:  Undefined variable: customisation_general in /home/wwwroot/beutii.net/catalog/view/theme/yourstore/template/common/header.tpl on line 1621
2018-05-10 21:59:24 - PHP Notice:  Undefined variable: footer_class in /home/wwwroot/beutii.net/catalog/view/theme/yourstore/template/common/footer.tpl on line 18
2018-05-10 21:59:24 - PHP Notice:  Undefined variable: menu_back in /home/wwwroot/beutii.net/catalog/view/theme/yourstore/template/common/footer.tpl on line 462
2018-05-10 21:59:24 - PHP Notice:  Undefined variable: lang in /home/wwwroot/beutii.net/catalog/view/theme/yourstore/template/common/cart.tpl on line 102
2018-05-10 21:59:24 - PHP Notice:  Undefined variable: store_id in /home/wwwroot/beutii.net/catalog/view/theme/yourstore/template/common/cart.tpl on line 102
2018-05-10 21:59:24 - PHP Notice:  Undefined variable: pages_link_url in /home/wwwroot/beutii.net/catalog/view/theme/yourstore/template/common/header.tpl on line 293
2018-05-10 21:59:24 - PHP Notice:  Undefined variable: pages_link_url in /home/wwwroot/beutii.net/catalog/view/theme/yourstore/template/common/header.tpl on line 293
2018-05-10 21:59:24 - PHP Notice:  Undefined variable: customisation_general in /home/wwwroot/beutii.net/catalog/view/theme/yourstore/template/common/header.tpl on line 1621
2018-05-10 21:59:24 - PHP Notice:  Undefined variable: customisation_general in /home/wwwroot/beutii.net/catalog/view/theme/yourstore/template/common/header.tpl on line 1621
2018-05-11 0:36:01 - PHP Notice:  Undefined index: headertype in /home/wwwroot/beutii.net/admin/view/template/extension/module/customisation.tpl on line 88
2018-05-11 0:36:01 - PHP Notice:  Undefined index: footertype in /home/wwwroot/beutii.net/admin/view/template/extension/module/customisation.tpl on line 95
2018-05-11 0:38:22 - PHP Notice:  Undefined index: headertype in /home/wwwroot/beutii.net/admin/view/template/extension/module/customisation.tpl on line 88
2018-05-11 0:38:22 - PHP Notice:  Undefined index: footertype in /home/wwwroot/beutii.net/admin/view/template/extension/module/customisation.tpl on line 95
2018-05-11 0:43:43 - PHP Notice:  Undefined index: footertype in /home/wwwroot/beutii.net/admin/view/template/extension/module/customisation.tpl on line 95
2018-05-11 11:40:20 - PHP Notice:  Undefined offset: 2 in /home/wwwroot/beutii.net/system/storage/modification/catalog/controller/common/footer.php on line 163
2018-05-11 11:40:20 - PHP Notice:  Undefined offset: 2 in /home/wwwroot/beutii.net/system/storage/modification/catalog/controller/common/home.php on line 44
2018-05-11 11:40:20 - PHP Notice:  Undefined offset: 2 in /home/wwwroot/beutii.net/system/storage/modification/catalog/controller/common/home.php on line 46
2018-05-11 11:40:31 - PHP Notice:  Undefined offset: 2 in /home/wwwroot/beutii.net/system/storage/modification/catalog/controller/common/footer.php on line 163
2018-05-11 11:40:31 - PHP Notice:  Undefined offset: 2 in /home/wwwroot/beutii.net/system/storage/modification/catalog/controller/common/home.php on line 44
2018-05-11 11:40:31 - PHP Notice:  Undefined offset: 2 in /home/wwwroot/beutii.net/system/storage/modification/catalog/controller/common/home.php on line 46
2018-05-11 11:40:47 - PHP Notice:  Undefined offset: 2 in /home/wwwroot/beutii.net/system/storage/modification/catalog/controller/common/footer.php on line 163
2018-05-11 11:40:47 - PHP Notice:  Undefined offset: 2 in /home/wwwroot/beutii.net/system/storage/modification/catalog/controller/common/home.php on line 44
2018-05-11 11:40:47 - PHP Notice:  Undefined offset: 2 in /home/wwwroot/beutii.net/system/storage/modification/catalog/controller/common/home.php on line 46
2018-05-11 11:41:25 - PHP Notice:  Undefined offset: 2 in /home/wwwroot/beutii.net/system/storage/modification/catalog/controller/common/footer.php on line 163
2018-05-11 11:41:25 - PHP Notice:  Undefined offset: 2 in /home/wwwroot/beutii.net/system/storage/modification/catalog/controller/common/home.php on line 44
2018-05-11 11:41:25 - PHP Notice:  Undefined offset: 2 in /home/wwwroot/beutii.net/system/storage/modification/catalog/controller/common/home.php on line 46
2018-05-11 11:50:56 - PHP Notice:  Undefined variable: fimage in /home/wwwroot/beutii.net/admin/controller/catalog/mproduct.php on line 381
2018-05-11 11:50:56 - PHP Notice:  Undefined variable: fimage in /home/wwwroot/beutii.net/admin/controller/catalog/mproduct.php on line 381
2018-05-11 11:50:56 - PHP Notice:  Undefined variable: fimage in /home/wwwroot/beutii.net/admin/controller/catalog/mproduct.php on line 381
2018-05-11 11:50:56 - PHP Notice:  Undefined variable: fimage in /home/wwwroot/beutii.net/admin/controller/catalog/mproduct.php on line 381
2018-05-11 11:50:56 - PHP Notice:  Undefined variable: fimage in /home/wwwroot/beutii.net/admin/controller/catalog/mproduct.php on line 381
2018-05-11 11:50:56 - PHP Notice:  Undefined variable: fimage in /home/wwwroot/beutii.net/admin/controller/catalog/mproduct.php on line 381
2018-05-11 11:50:56 - PHP Notice:  Undefined variable: fimage in /home/wwwroot/beutii.net/admin/controller/catalog/mproduct.php on line 381
2018-05-11 11:50:56 - PHP Notice:  Undefined variable: fimage in /home/wwwroot/beutii.net/admin/controller/catalog/mproduct.php on line 381
2018-05-11 11:50:56 - PHP Notice:  Undefined variable: fimage in /home/wwwroot/beutii.net/admin/controller/catalog/mproduct.php on line 381
2018-05-11 11:50:56 - PHP Notice:  Undefined variable: fimage in /home/wwwroot/beutii.net/admin/controller/catalog/mproduct.php on line 381
2018-05-11 11:50:56 - PHP Notice:  Undefined variable: fimage in /home/wwwroot/beutii.net/admin/controller/catalog/mproduct.php on line 381
2018-05-11 11:50:56 - PHP Notice:  Undefined variable: fimage in /home/wwwroot/beutii.net/admin/controller/catalog/mproduct.php on line 381
2018-05-11 11:50:56 - PHP Notice:  Undefined variable: fimage in /home/wwwroot/beutii.net/admin/controller/catalog/mproduct.php on line 381
2018-05-11 11:50:56 - PHP Notice:  Undefined variable: fimage in /home/wwwroot/beutii.net/admin/controller/catalog/mproduct.php on line 381
2018-05-11 11:50:56 - PHP Notice:  Undefined variable: fimage in /home/wwwroot/beutii.net/admin/controller/catalog/mproduct.php on line 381
2018-05-11 11:50:56 - PHP Notice:  Undefined variable: fimage in /home/wwwroot/beutii.net/admin/controller/catalog/mproduct.php on line 381
2018-05-11 11:50:56 - PHP Notice:  Undefined variable: fimage in /home/wwwroot/beutii.net/admin/controller/catalog/mproduct.php on line 381
2018-05-11 11:50:56 - PHP Notice:  Undefined variable: fimage in /home/wwwroot/beutii.net/admin/controller/catalog/mproduct.php on line 381
2018-05-11 11:50:56 - PHP Notice:  Undefined variable: fimage in /home/wwwroot/beutii.net/admin/controller/catalog/mproduct.php on line 381
2018-05-11 11:51:18 - PHP Notice:  Undefined variable: fimage in /home/wwwroot/beutii.net/admin/controller/catalog/mproduct.php on line 381
2018-05-11 11:51:18 - PHP Notice:  Undefined variable: fimage in /home/wwwroot/beutii.net/admin/controller/catalog/mproduct.php on line 381
2018-05-11 11:51:18 - PHP Notice:  Undefined variable: fimage in /home/wwwroot/beutii.net/admin/controller/catalog/mproduct.php on line 381
2018-05-11 11:51:18 - PHP Notice:  Undefined variable: fimage in /home/wwwroot/beutii.net/admin/controller/catalog/mproduct.php on line 381
2018-05-11 11:51:18 - PHP Notice:  Undefined variable: fimage in /home/wwwroot/beutii.net/admin/controller/catalog/mproduct.php on line 381
2018-05-11 11:51:18 - PHP Notice:  Undefined variable: fimage in /home/wwwroot/beutii.net/admin/controller/catalog/mproduct.php on line 381
2018-05-11 11:51:18 - PHP Notice:  Undefined variable: fimage in /home/wwwroot/beutii.net/admin/controller/catalog/mproduct.php on line 381
2018-05-11 11:51:18 - PHP Notice:  Undefined variable: fimage in /home/wwwroot/beutii.net/admin/controller/catalog/mproduct.php on line 381
2018-05-11 11:51:18 - PHP Notice:  Undefined variable: fimage in /home/wwwroot/beutii.net/admin/controller/catalog/mproduct.php on line 381
2018-05-11 11:51:18 - PHP Notice:  Undefined variable: fimage in /home/wwwroot/beutii.net/admin/controller/catalog/mproduct.php on line 381
2018-05-11 11:51:18 - PHP Notice:  Undefined variable: fimage in /home/wwwroot/beutii.net/admin/controller/catalog/mproduct.php on line 381
2018-05-11 11:51:18 - PHP Notice:  Undefined variable: fimage in /home/wwwroot/beutii.net/admin/controller/catalog/mproduct.php on line 381
2018-05-11 11:51:18 - PHP Notice:  Undefined variable: fimage in /home/wwwroot/beutii.net/admin/controller/catalog/mproduct.php on line 381
2018-05-11 11:51:18 - PHP Notice:  Undefined variable: fimage in /home/wwwroot/beutii.net/admin/controller/catalog/mproduct.php on line 381
2018-05-11 11:51:18 - PHP Notice:  Undefined variable: fimage in /home/wwwroot/beutii.net/admin/controller/catalog/mproduct.php on line 381
2018-05-11 11:51:18 - PHP Notice:  Undefined variable: fimage in /home/wwwroot/beutii.net/admin/controller/catalog/mproduct.php on line 381
2018-05-11 11:51:18 - PHP Notice:  Undefined variable: fimage in /home/wwwroot/beutii.net/admin/controller/catalog/mproduct.php on line 381
2018-05-11 11:51:18 - PHP Notice:  Undefined variable: fimage in /home/wwwroot/beutii.net/admin/controller/catalog/mproduct.php on line 381
2018-05-11 11:51:18 - PHP Notice:  Undefined variable: fimage in /home/wwwroot/beutii.net/admin/controller/catalog/mproduct.php on line 381
2018-05-11 11:51:49 - PHP Notice:  Undefined variable: fimage in /home/wwwroot/beutii.net/admin/controller/catalog/mproduct.php on line 381
2018-05-11 11:51:49 - PHP Notice:  Undefined variable: fimage in /home/wwwroot/beutii.net/admin/controller/catalog/mproduct.php on line 381
2018-05-11 11:51:49 - PHP Notice:  Undefined variable: fimage in /home/wwwroot/beutii.net/admin/controller/catalog/mproduct.php on line 381
2018-05-11 11:51:49 - PHP Notice:  Undefined variable: fimage in /home/wwwroot/beutii.net/admin/controller/catalog/mproduct.php on line 381
2018-05-11 11:51:49 - PHP Notice:  Undefined variable: fimage in /home/wwwroot/beutii.net/admin/controller/catalog/mproduct.php on line 381
2018-05-11 11:51:49 - PHP Notice:  Undefined variable: fimage in /home/wwwroot/beutii.net/admin/controller/catalog/mproduct.php on line 381
2018-05-11 11:51:49 - PHP Notice:  Undefined variable: fimage in /home/wwwroot/beutii.net/admin/controller/catalog/mproduct.php on line 381
2018-05-11 11:51:49 - PHP Notice:  Undefined variable: fimage in /home/wwwroot/beutii.net/admin/controller/catalog/mproduct.php on line 381
2018-05-11 11:51:49 - PHP Notice:  Undefined variable: fimage in /home/wwwroot/beutii.net/admin/controller/catalog/mproduct.php on line 381
2018-05-11 11:51:49 - PHP Notice:  Undefined variable: fimage in /home/wwwroot/beutii.net/admin/controller/catalog/mproduct.php on line 381
2018-05-11 11:51:49 - PHP Notice:  Undefined variable: fimage in /home/wwwroot/beutii.net/admin/controller/catalog/mproduct.php on line 381
2018-05-11 11:51:49 - PHP Notice:  Undefined variable: fimage in /home/wwwroot/beutii.net/admin/controller/catalog/mproduct.php on line 381
2018-05-11 11:51:49 - PHP Notice:  Undefined variable: fimage in /home/wwwroot/beutii.net/admin/controller/catalog/mproduct.php on line 381
2018-05-11 11:51:49 - PHP Notice:  Undefined variable: fimage in /home/wwwroot/beutii.net/admin/controller/catalog/mproduct.php on line 381
2018-05-11 11:51:49 - PHP Notice:  Undefined variable: fimage in /home/wwwroot/beutii.net/admin/controller/catalog/mproduct.php on line 381
2018-05-11 11:51:49 - PHP Notice:  Undefined variable: fimage in /home/wwwroot/beutii.net/admin/controller/catalog/mproduct.php on line 381
2018-05-11 11:51:49 - PHP Notice:  Undefined variable: fimage in /home/wwwroot/beutii.net/admin/controller/catalog/mproduct.php on line 381
2018-05-11 11:51:49 - PHP Notice:  Undefined variable: fimage in /home/wwwroot/beutii.net/admin/controller/catalog/mproduct.php on line 381
2018-05-11 11:51:49 - PHP Notice:  Undefined variable: fimage in /home/wwwroot/beutii.net/admin/controller/catalog/mproduct.php on line 381
2018-05-11 12:05:26 - PHP Notice:  Undefined variable: fimage in /home/wwwroot/beutii.net/admin/controller/catalog/mproduct.php on line 381
2018-05-11 12:05:26 - PHP Notice:  Undefined variable: fimage in /home/wwwroot/beutii.net/admin/controller/catalog/mproduct.php on line 381
2018-05-11 12:05:26 - PHP Notice:  Undefined variable: fimage in /home/wwwroot/beutii.net/admin/controller/catalog/mproduct.php on line 381
2018-05-11 12:05:26 - PHP Notice:  Undefined variable: fimage in /home/wwwroot/beutii.net/admin/controller/catalog/mproduct.php on line 381
2018-05-11 12:05:26 - PHP Notice:  Undefined variable: fimage in /home/wwwroot/beutii.net/admin/controller/catalog/mproduct.php on line 381
2018-05-11 12:05:26 - PHP Notice:  Undefined variable: fimage in /home/wwwroot/beutii.net/admin/controller/catalog/mproduct.php on line 381
2018-05-11 12:05:26 - PHP Notice:  Undefined variable: fimage in /home/wwwroot/beutii.net/admin/controller/catalog/mproduct.php on line 381
2018-05-11 12:05:26 - PHP Notice:  Undefined variable: fimage in /home/wwwroot/beutii.net/admin/controller/catalog/mproduct.php on line 381
2018-05-11 12:05:26 - PHP Notice:  Undefined variable: fimage in /home/wwwroot/beutii.net/admin/controller/catalog/mproduct.php on line 381
2018-05-11 12:05:26 - PHP Notice:  Undefined variable: fimage in /home/wwwroot/beutii.net/admin/controller/catalog/mproduct.php on line 381
2018-05-11 12:05:26 - PHP Notice:  Undefined variable: fimage in /home/wwwroot/beutii.net/admin/controller/catalog/mproduct.php on line 381
2018-05-11 12:05:26 - PHP Notice:  Undefined variable: fimage in /home/wwwroot/beutii.net/admin/controller/catalog/mproduct.php on line 381
2018-05-11 12:05:26 - PHP Notice:  Undefined variable: fimage in /home/wwwroot/beutii.net/admin/controller/catalog/mproduct.php on line 381
2018-05-11 12:05:26 - PHP Notice:  Undefined variable: fimage in /home/wwwroot/beutii.net/admin/controller/catalog/mproduct.php on line 381
2018-05-11 12:05:26 - PHP Notice:  Undefined variable: fimage in /home/wwwroot/beutii.net/admin/controller/catalog/mproduct.php on line 381
2018-05-11 12:05:26 - PHP Notice:  Undefined variable: fimage in /home/wwwroot/beutii.net/admin/controller/catalog/mproduct.php on line 381
2018-05-11 12:05:26 - PHP Notice:  Undefined variable: fimage in /home/wwwroot/beutii.net/admin/controller/catalog/mproduct.php on line 381
2018-05-11 12:05:26 - PHP Notice:  Undefined variable: fimage in /home/wwwroot/beutii.net/admin/controller/catalog/mproduct.php on line 381
2018-05-11 12:05:26 - PHP Notice:  Undefined variable: fimage in /home/wwwroot/beutii.net/admin/controller/catalog/mproduct.php on line 381
2018-05-11 12:06:17 - PHP Notice:  Undefined variable: fimage in /home/wwwroot/beutii.net/admin/controller/catalog/mproduct.php on line 381
2018-05-11 12:06:17 - PHP Notice:  Undefined variable: fimage in /home/wwwroot/beutii.net/admin/controller/catalog/mproduct.php on line 381
2018-05-11 12:06:17 - PHP Notice:  Undefined variable: fimage in /home/wwwroot/beutii.net/admin/controller/catalog/mproduct.php on line 381
2018-05-11 12:06:17 - PHP Notice:  Undefined variable: fimage in /home/wwwroot/beutii.net/admin/controller/catalog/mproduct.php on line 381
2018-05-11 12:06:17 - PHP Notice:  Undefined variable: fimage in /home/wwwroot/beutii.net/admin/controller/catalog/mproduct.php on line 381
2018-05-11 12:06:17 - PHP Notice:  Undefined variable: fimage in /home/wwwroot/beutii.net/admin/controller/catalog/mproduct.php on line 381
2018-05-11 12:06:17 - PHP Notice:  Undefined variable: fimage in /home/wwwroot/beutii.net/admin/controller/catalog/mproduct.php on line 381
2018-05-11 12:06:17 - PHP Notice:  Undefined variable: fimage in /home/wwwroot/beutii.net/admin/controller/catalog/mproduct.php on line 381
2018-05-11 12:06:17 - PHP Notice:  Undefined variable: fimage in /home/wwwroot/beutii.net/admin/controller/catalog/mproduct.php on line 381
2018-05-11 12:06:17 - PHP Notice:  Undefined variable: fimage in /home/wwwroot/beutii.net/admin/controller/catalog/mproduct.php on line 381
2018-05-11 12:06:17 - PHP Notice:  Undefined variable: fimage in /home/wwwroot/beutii.net/admin/controller/catalog/mproduct.php on line 381
2018-05-11 12:06:17 - PHP Notice:  Undefined variable: fimage in /home/wwwroot/beutii.net/admin/controller/catalog/mproduct.php on line 381
2018-05-11 12:06:17 - PHP Notice:  Undefined variable: fimage in /home/wwwroot/beutii.net/admin/controller/catalog/mproduct.php on line 381
2018-05-11 12:06:17 - PHP Notice:  Undefined variable: fimage in /home/wwwroot/beutii.net/admin/controller/catalog/mproduct.php on line 381
2018-05-11 12:06:17 - PHP Notice:  Undefined variable: fimage in /home/wwwroot/beutii.net/admin/controller/catalog/mproduct.php on line 381
2018-05-11 12:06:17 - PHP Notice:  Undefined variable: fimage in /home/wwwroot/beutii.net/admin/controller/catalog/mproduct.php on line 381
2018-05-11 12:06:17 - PHP Notice:  Undefined variable: fimage in /home/wwwroot/beutii.net/admin/controller/catalog/mproduct.php on line 381
2018-05-11 12:06:17 - PHP Notice:  Undefined variable: fimage in /home/wwwroot/beutii.net/admin/controller/catalog/mproduct.php on line 381
2018-05-11 12:06:17 - PHP Notice:  Undefined variable: fimage in /home/wwwroot/beutii.net/admin/controller/catalog/mproduct.php on line 381
2018-05-11 12:09:40 - PHP Notice:  Undefined variable: fimage in /home/wwwroot/beutii.net/admin/controller/catalog/mproduct.php on line 381
2018-05-11 12:09:40 - PHP Notice:  Undefined variable: fimage in /home/wwwroot/beutii.net/admin/controller/catalog/mproduct.php on line 381
2018-05-11 12:09:40 - PHP Notice:  Undefined variable: fimage in /home/wwwroot/beutii.net/admin/controller/catalog/mproduct.php on line 381
2018-05-11 12:09:40 - PHP Notice:  Undefined variable: fimage in /home/wwwroot/beutii.net/admin/controller/catalog/mproduct.php on line 381
2018-05-11 12:09:40 - PHP Notice:  Undefined variable: fimage in /home/wwwroot/beutii.net/admin/controller/catalog/mproduct.php on line 381
2018-05-11 12:09:40 - PHP Notice:  Undefined variable: fimage in /home/wwwroot/beutii.net/admin/controller/catalog/mproduct.php on line 381
2018-05-11 12:09:40 - PHP Notice:  Undefined variable: fimage in /home/wwwroot/beutii.net/admin/controller/catalog/mproduct.php on line 381
2018-05-11 12:09:40 - PHP Notice:  Undefined variable: fimage in /home/wwwroot/beutii.net/admin/controller/catalog/mproduct.php on line 381
2018-05-11 12:09:40 - PHP Notice:  Undefined variable: fimage in /home/wwwroot/beutii.net/admin/controller/catalog/mproduct.php on line 381
2018-05-11 12:09:40 - PHP Notice:  Undefined variable: fimage in /home/wwwroot/beutii.net/admin/controller/catalog/mproduct.php on line 381
2018-05-11 12:09:40 - PHP Notice:  Undefined variable: fimage in /home/wwwroot/beutii.net/admin/controller/catalog/mproduct.php on line 381
2018-05-11 12:09:40 - PHP Notice:  Undefined variable: fimage in /home/wwwroot/beutii.net/admin/controller/catalog/mproduct.php on line 381
2018-05-11 12:09:40 - PHP Notice:  Undefined variable: fimage in /home/wwwroot/beutii.net/admin/controller/catalog/mproduct.php on line 381
2018-05-11 12:09:40 - PHP Notice:  Undefined variable: fimage in /home/wwwroot/beutii.net/admin/controller/catalog/mproduct.php on line 381
2018-05-11 12:09:40 - PHP Notice:  Undefined variable: fimage in /home/wwwroot/beutii.net/admin/controller/catalog/mproduct.php on line 381
2018-05-11 12:09:40 - PHP Notice:  Undefined variable: fimage in /home/wwwroot/beutii.net/admin/controller/catalog/mproduct.php on line 381
2018-05-11 12:09:40 - PHP Notice:  Undefined variable: fimage in /home/wwwroot/beutii.net/admin/controller/catalog/mproduct.php on line 381
2018-05-11 12:09:40 - PHP Notice:  Undefined variable: fimage in /home/wwwroot/beutii.net/admin/controller/catalog/mproduct.php on line 381
2018-05-11 12:09:40 - PHP Notice:  Undefined variable: fimage in /home/wwwroot/beutii.net/admin/controller/catalog/mproduct.php on line 381
2018-05-11 12:12:51 - PHP Notice:  Undefined offset: 2 in /home/wwwroot/beutii.net/system/storage/modification/catalog/controller/common/footer.php on line 163
2018-05-11 12:12:51 - PHP Notice:  Undefined offset: 2 in /home/wwwroot/beutii.net/system/storage/modification/catalog/controller/common/home.php on line 44
2018-05-11 12:12:51 - PHP Notice:  Undefined offset: 2 in /home/wwwroot/beutii.net/system/storage/modification/catalog/controller/common/home.php on line 46
2018-05-11 12:31:50 - PHP Notice:  Undefined offset: 2 in /home/wwwroot/beutii.net/system/storage/modification/catalog/controller/common/footer.php on line 163
2018-05-11 12:31:50 - PHP Notice:  Undefined offset: 2 in /home/wwwroot/beutii.net/system/storage/modification/catalog/controller/common/home.php on line 44
2018-05-11 12:31:50 - PHP Notice:  Undefined offset: 2 in /home/wwwroot/beutii.net/system/storage/modification/catalog/controller/common/home.php on line 46
2018-05-11 12:32:41 - PHP Notice:  Undefined offset: 2 in /home/wwwroot/beutii.net/system/storage/modification/catalog/controller/common/footer.php on line 163
2018-05-11 12:32:41 - PHP Notice:  Undefined offset: 2 in /home/wwwroot/beutii.net/system/storage/modification/catalog/controller/common/home.php on line 44
2018-05-11 12:32:41 - PHP Notice:  Undefined offset: 2 in /home/wwwroot/beutii.net/system/storage/modification/catalog/controller/common/home.php on line 46
2018-05-11 12:46:01 - PHP Notice:  Undefined offset: 2 in /home/wwwroot/beutii.net/system/storage/modification/catalog/controller/common/footer.php on line 163
2018-05-11 12:46:01 - PHP Notice:  Undefined offset: 2 in /home/wwwroot/beutii.net/system/storage/modification/catalog/controller/common/home.php on line 44
2018-05-11 12:46:01 - PHP Notice:  Undefined offset: 2 in /home/wwwroot/beutii.net/system/storage/modification/catalog/controller/common/home.php on line 46
2018-05-11 12:46:23 - PHP Notice:  Undefined offset: 2 in /home/wwwroot/beutii.net/system/storage/modification/catalog/controller/common/footer.php on line 163
2018-05-11 12:46:23 - PHP Notice:  Undefined offset: 2 in /home/wwwroot/beutii.net/system/storage/modification/catalog/controller/common/home.php on line 44
2018-05-11 12:46:23 - PHP Notice:  Undefined offset: 2 in /home/wwwroot/beutii.net/system/storage/modification/catalog/controller/common/home.php on line 46
